<?xml version="1.0" encoding="UTF-8"?>
<testsuite xmlns:xsi="http://www.w3.org/2001/XMLSchema-instance" xsi:noNamespaceSchemaLocation="https://maven.apache.org/surefire/maven-surefire-plugin/xsd/surefire-test-report.xsd" name="com.udea.virtualfaker.VirtualfakerApplicationTests" time="7.437" tests="7" errors="0" skipped="0" failures="0">
  <properties>
[...]
</properties>
  <testcase name="nationLength" classname="com.udea.virtualfaker.VirtualfakerApplicationTests" time="2.185"/>
  <testcase name="currenciesLength" classname="com.udea.virtualfaker.VirtualfakerApplicationTests" time="0.667"/>
  <testcase name="health" classname="com.udea.virtualfaker.VirtualfakerApplicationTests" time="0.001"/>
  <testcase name="aviationLength" classname="com.udea.virtualfaker.VirtualfakerApplicationTests" time="0.536"/>
  <testcase name="version" classname="com.udea.virtualfaker.VirtualfakerApplicationTests" time="0.001"/>
  <testcase name="testRandomCurrenciesCodeFormat" classname="com.udea.virtualfaker.VirtualfakerApplicationTests" time="0.514"/>
  <testcase name="testRandomNationsPerformance" classname="com.udea.virtualfaker.VirtualfakerApplicationTests" time="0.568"/>
</testsuite>